0 info it worked if it ends with ok
1 verbose cli [ '/usr/local/bin/node',
1 verbose cli   '/usr/local/bin/npm',
1 verbose cli   'install',
1 verbose cli   'atom-html-preview' ]
2 info using npm@2.15.5
3 info using node@v4.4.5
4 verbose install initial load of /Users/leonard/Desktop/bookeyman/package.json
5 warn package.json bookeyman@1.0.0 No description
6 warn package.json bookeyman@1.0.0 No repository field.
7 warn package.json bookeyman@1.0.0 No README data
8 verbose installManyTop reading scoped package data from /Users/leonard/Desktop/bookeyman/node_modules/axios/package.json
9 verbose installManyTop reading scoped package data from /Users/leonard/Desktop/bookeyman/node_modules/babel-core/package.json
10 verbose installManyTop reading scoped package data from /Users/leonard/Desktop/bookeyman/node_modules/babel-loader/package.json
11 verbose installManyTop reading scoped package data from /Users/leonard/Desktop/bookeyman/node_modules/babel-plugin-react-transform/package.json
12 verbose installManyTop reading scoped package data from /Users/leonard/Desktop/bookeyman/node_modules/babel-preset-es2015/package.json
13 verbose installManyTop reading scoped package data from /Users/leonard/Desktop/bookeyman/node_modules/babel-preset-react/package.json
14 verbose installManyTop reading scoped package data from /Users/leonard/Desktop/bookeyman/node_modules/babel-preset-stage-0/package.json
15 verbose installManyTop reading scoped package data from /Users/leonard/Desktop/bookeyman/node_modules/babel-runtime/package.json
16 verbose installManyTop reading scoped package data from /Users/leonard/Desktop/bookeyman/node_modules/body-parser/package.json
17 verbose installManyTop reading scoped package data from /Users/leonard/Desktop/bookeyman/node_modules/express/package.json
18 verbose installManyTop reading scoped package data from /Users/leonard/Desktop/bookeyman/node_modules/express-stormpath/package.json
19 verbose installManyTop reading scoped package data from /Users/leonard/Desktop/bookeyman/node_modules/history/package.json
20 verbose installManyTop reading scoped package data from /Users/leonard/Desktop/bookeyman/node_modules/html-webpack-plugin/package.json
21 verbose installManyTop reading scoped package data from /Users/leonard/Desktop/bookeyman/node_modules/react/package.json
22 verbose installManyTop reading scoped package data from /Users/leonard/Desktop/bookeyman/node_modules/react-asset-loader/package.json
23 verbose installManyTop reading scoped package data from /Users/leonard/Desktop/bookeyman/node_modules/react-document-title/package.json
24 verbose installManyTop reading scoped package data from /Users/leonard/Desktop/bookeyman/node_modules/react-dom/package.json
25 verbose installManyTop reading scoped package data from /Users/leonard/Desktop/bookeyman/node_modules/react-router/package.json
26 verbose installManyTop reading scoped package data from /Users/leonard/Desktop/bookeyman/node_modules/react-stormpath/package.json
27 verbose installManyTop reading scoped package data from /Users/leonard/Desktop/bookeyman/node_modules/webpack/package.json
28 verbose installManyTop reading scoped package data from /Users/leonard/Desktop/bookeyman/node_modules/webpack-dev-middleware/package.json
29 verbose installManyTop reading scoped package data from /Users/leonard/Desktop/bookeyman/node_modules/webpack-dev-server/package.json
30 info package.json react-asset-loader@0.0.1 No license field.
31 verbose readDependencies loading dependencies from /Users/leonard/Desktop/bookeyman/package.json
32 silly cache add args [ 'atom-html-preview', null ]
33 verbose cache add spec atom-html-preview
34 silly cache add parsed spec Result {
34 silly cache add   raw: 'atom-html-preview',
34 silly cache add   scope: null,
34 silly cache add   name: 'atom-html-preview',
34 silly cache add   rawSpec: '',
34 silly cache add   spec: 'latest',
34 silly cache add   type: 'tag' }
35 silly addNamed atom-html-preview@latest
36 verbose addNamed "latest" is being treated as a dist-tag for atom-html-preview
37 info addNameTag [ 'atom-html-preview', 'latest' ]
38 silly mapToRegistry name atom-html-preview
39 silly mapToRegistry using default registry
40 silly mapToRegistry registry https://registry.npmjs.org/
41 silly mapToRegistry data Result {
41 silly mapToRegistry   raw: 'atom-html-preview',
41 silly mapToRegistry   scope: null,
41 silly mapToRegistry   name: 'atom-html-preview',
41 silly mapToRegistry   rawSpec: '',
41 silly mapToRegistry   spec: 'latest',
41 silly mapToRegistry   type: 'tag' }
42 silly mapToRegistry uri https://registry.npmjs.org/atom-html-preview
43 verbose addNameTag registry:https://registry.npmjs.org/atom-html-preview not in flight; fetching
44 verbose request uri https://registry.npmjs.org/atom-html-preview
45 verbose request no auth needed
46 info attempt registry request try #1 at 10:30:29 PM
47 verbose request id 650b6bb9df224bec
48 http request GET https://registry.npmjs.org/atom-html-preview
49 http 404 https://registry.npmjs.org/atom-html-preview
50 verbose headers { 'content-type': 'application/json',
50 verbose headers   'cache-control': 'max-age=0',
50 verbose headers   'content-length': '2',
50 verbose headers   'accept-ranges': 'bytes',
50 verbose headers   date: 'Mon, 19 Dec 2016 06:30:29 GMT',
50 verbose headers   via: '1.1 varnish',
50 verbose headers   age: '0',
50 verbose headers   connection: 'keep-alive',
50 verbose headers   'x-served-by': 'cache-lax8646-LAX',
50 verbose headers   'x-cache': 'MISS',
50 verbose headers   'x-cache-hits': '0',
50 verbose headers   'x-timer': 'S1482129028.831257,VS0,VE487',
50 verbose headers   vary: 'Accept-Encoding' }
51 silly get cb [ 404,
51 silly get   { 'content-type': 'application/json',
51 silly get     'cache-control': 'max-age=0',
51 silly get     'content-length': '2',
51 silly get     'accept-ranges': 'bytes',
51 silly get     date: 'Mon, 19 Dec 2016 06:30:29 GMT',
51 silly get     via: '1.1 varnish',
51 silly get     age: '0',
51 silly get     connection: 'keep-alive',
51 silly get     'x-served-by': 'cache-lax8646-LAX',
51 silly get     'x-cache': 'MISS',
51 silly get     'x-cache-hits': '0',
51 silly get     'x-timer': 'S1482129028.831257,VS0,VE487',
51 silly get     vary: 'Accept-Encoding' } ]
52 verbose stack Error: Registry returned 404 for GET on https://registry.npmjs.org/atom-html-preview
52 verbose stack     at makeError (/usr/local/lib/node_modules/npm/node_modules/npm-registry-client/lib/request.js:264:12)
52 verbose stack     at CachingRegistryClient.<anonymous> (/usr/local/lib/node_modules/npm/node_modules/npm-registry-client/lib/request.js:242:14)
52 verbose stack     at Request._callback (/usr/local/lib/node_modules/npm/node_modules/npm-registry-client/lib/request.js:172:14)
52 verbose stack     at Request.self.callback (/usr/local/lib/node_modules/npm/node_modules/request/request.js:200:22)
52 verbose stack     at emitTwo (events.js:87:13)
52 verbose stack     at Request.emit (events.js:172:7)
52 verbose stack     at Request.<anonymous> (/usr/local/lib/node_modules/npm/node_modules/request/request.js:1067:10)
52 verbose stack     at emitOne (events.js:82:20)
52 verbose stack     at Request.emit (events.js:169:7)
52 verbose stack     at IncomingMessage.<anonymous> (/usr/local/lib/node_modules/npm/node_modules/request/request.js:988:12)
53 verbose statusCode 404
54 verbose pkgid atom-html-preview
55 verbose cwd /Users/leonard/Desktop/bookeyman
56 error Darwin 15.6.0
57 error argv "/usr/local/bin/node" "/usr/local/bin/npm" "install" "atom-html-preview"
58 error node v4.4.5
59 error npm  v2.15.5
60 error code E404
61 error 404 Registry returned 404 for GET on https://registry.npmjs.org/atom-html-preview
61 error 404
61 error 404 'atom-html-preview' is not in the npm registry.
61 error 404 You should bug the author to publish it (or use the name yourself!)
61 error 404 It was specified as a dependency of 'bookeyman'
61 error 404
61 error 404 Note that you can also install from a
61 error 404 tarball, folder, http url, or git url.
62 verbose exit [ 1, true ]
